Traceback (most recent call last):
  File "/home/devesh/.local/share/letsencrypt/bin/letsencrypt", line 11, in <module>
    sys.exit(main())
  File "/home/devesh/.local/share/letsencrypt/local/lib/python2.7/site-packages/certbot/main.py", line 875, in main
    args = cli.prepare_and_parse_args(plugins, cli_args)
  File "/home/devesh/.local/share/letsencrypt/local/lib/python2.7/site-packages/certbot/cli.py", line 1074, in prepare_and_parse_args
    return helpful.parse_args()
  File "/home/devesh/.local/share/letsencrypt/local/lib/python2.7/site-packages/certbot/cli.py", line 526, in parse_args
    parsed_args = self.parser.parse_args(self.args)
  File "/home/devesh/.local/share/letsencrypt/local/lib/python2.7/site-packages/configargparse.py", line 216, in parse_args
    env_vars = env_vars)
  File "/home/devesh/.local/share/letsencrypt/local/lib/python2.7/site-packages/configargparse.py", line 349, in parse_known_args
    self, args=args, namespace=namespace)
  File "/usr/lib/python2.7/argparse.py", line 1722, in parse_known_args
    namespace, args = self._parse_known_args(args, namespace)
  File "/usr/lib/python2.7/argparse.py", line 1928, in _parse_known_args
    start_index = consume_optional(start_index)
  File "/usr/lib/python2.7/argparse.py", line 1868, in consume_optional
    take_action(action, args, option_string)
  File "/usr/lib/python2.7/argparse.py", line 1796, in take_action
    action(self, namespace, argument_values, option_string)
  File "/home/devesh/.local/share/letsencrypt/local/lib/python2.7/site-packages/certbot/cli.py", line 1216, in __call__
    add_domains(namespace, domain)
  File "/home/devesh/.local/share/letsencrypt/local/lib/python2.7/site-packages/certbot/cli.py", line 1235, in add_domains
    domain = util.enforce_domain_sanity(domain.strip())
  File "/home/devesh/.local/share/letsencrypt/local/lib/python2.7/site-packages/certbot/util.py", line 477, in enforce_domain_sanity
    raise errors.ConfigurationError("Non-ASCII domain names not supported. "
ConfigurationError: Non-ASCII domain names not supported. To issue for an Internationalized Domain Name, use Punycode.
